<?xml version="1.0" encoding="UTF-8"?>
<!-- Generated by org.testng.reporters.JUnitReportReporter -->
<testsuite hostname="MSI" failures="0" tests="1" name="Testng.Testngxml" time="3.750" errors="0" timestamp="2023-07-21T16:51:26 PDT" skipped="0">
  <testcase classname="Testng.Testngxml" name="Google" time="3.750"/>
  <system-out/>
</testsuite> <!-- Testng.Testngxml -->
