<?xml version="1.0" encoding="UTF-8"?>
<!-- Generated by org.testng.reporters.JUnitReportReporter -->
<testsuite hostname="MSI" failures="0" tests="3" name="CrossBrowserTestNg.multiplebrowser" time="16.762" errors="0" timestamp="2023-10-12T11:22:18 PDT" skipped="0">
  <testcase classname="CrossBrowserTestNg.multiplebrowser" name="signin" time="5.132"/>
  <system-out/>
  <testcase classname="CrossBrowserTestNg.multiplebrowser" name="signin" time="5.525"/>
  <system-out/>
  <testcase classname="CrossBrowserTestNg.multiplebrowser" name="signin" time="6.105"/>
  <system-out/>
</testsuite> <!-- CrossBrowserTestNg.multiplebrowser -->
