<?xml version="1.0" encoding="UTF-8"?>
<!-- Generated by org.testng.reporters.JUnitReportReporter -->
<testsuite hostname="MSI" failures="0" tests="1" name="Testng.Target" time="8.084" errors="0" timestamp="2023-07-21T22:27:47 PDT" skipped="0">
  <testcase classname="Testng.Target" name="signin" time="8.084"/>
  <system-out/>
</testsuite> <!-- Testng.Target -->
