<?xml version="1.0" encoding="UTF-8"?>
<!-- Generated by org.testng.reporters.JUnitReportReporter -->
<testsuite hostname="MSI" failures="0" tests="4" name="GroupingTestNg.Test2" time="0.002" errors="0" timestamp="2023-08-12T13:22:27 PDT" skipped="0">
  <testcase classname="GroupingTestNg.Test2" name="test5" time="0.001"/>
  <system-out/>
  <testcase classname="GroupingTestNg.Test2" name="test8" time="0.000"/>
  <system-out/>
  <testcase classname="GroupingTestNg.Test2" name="test7" time="0.000"/>
  <system-out/>
  <testcase classname="GroupingTestNg.Test2" name="test6" time="0.001"/>
  <system-out/>
</testsuite> <!-- GroupingTestNg.Test2 -->
