<?xml version="1.0" encoding="UTF-8"?>
<!-- Generated by org.testng.reporters.JUnitReportReporter -->
<testsuite hostname="MSI" failures="0" tests="2" name="DataproviderTestNg.DataProviderTest3" time="0.004" errors="0" timestamp="2023-10-02T11:47:50 PDT" skipped="0">
  <testcase classname="DataproviderTestNg.DataProviderTest3" name="TestDetails" time="0.000"/>
  <system-out/>
  <testcase classname="DataproviderTestNg.DataProviderTest3" name="TestDetails" time="0.004"/>
  <system-out/>
</testsuite> <!-- DataproviderTestNg.DataProviderTest3 -->
