<?xml version="1.0" encoding="UTF-8"?>
<!-- Generated by org.testng.reporters.JUnitReportReporter -->
<testsuite hostname="MSI" failures="0" tests="4" name="DataproviderTestNg.DataproviderTest4" time="0.004" errors="0" timestamp="2023-10-02T12:01:48 PDT" skipped="0">
  <testcase classname="DataproviderTestNg.DataproviderTest4" name="TestDetails" time="0.000"/>
  <system-out/>
  <testcase classname="DataproviderTestNg.DataproviderTest4" name="TestDetails" time="0.000"/>
  <system-out/>
  <testcase classname="DataproviderTestNg.DataproviderTest4" name="TestDetails" time="0.000"/>
  <system-out/>
  <testcase classname="DataproviderTestNg.DataproviderTest4" name="TestDetails" time="0.004"/>
  <system-out/>
</testsuite> <!-- DataproviderTestNg.DataproviderTest4 -->
