<?xml version="1.0" encoding="UTF-8"?>
<!-- Generated by org.testng.reporters.JUnitReportReporter -->
<testsuite hostname="MSI" failures="0" tests="2" name="TestNgSelenium.AnnotaionTest" time="0.007" errors="0" timestamp="2023-06-22T23:16:42 PDT" skipped="0">
  <testcase classname="TestNgSelenium.AnnotaionTest" name="Testmethod1" time="0.006"/>
  <system-out/>
  <testcase classname="TestNgSelenium.AnnotaionTest" name="Testmethod2" time="0.001"/>
  <system-out/>
</testsuite> <!-- TestNgSelenium.AnnotaionTest -->
