<?xml version="1.0" encoding="UTF-8"?>
<!-- Generated by org.testng.reporters.JUnitReportReporter -->
<testsuite hostname="MSI" failures="0" tests="2" name="GroupingTestNg.Test1" time="0.007" errors="0" timestamp="2023-10-04T12:08:11 PDT" skipped="0">
  <testcase classname="GroupingTestNg.Test1" name="test1" time="0.005"/>
  <system-out/>
  <testcase classname="GroupingTestNg.Test1" name="test4" time="0.002"/>
  <system-out/>
</testsuite> <!-- GroupingTestNg.Test1 -->
