<?xml version="1.0" encoding="UTF-8"?>
<!-- Generated by org.testng.reporters.JUnitReportReporter -->
<testsuite hostname="MSI" failures="0" tests="9" name="Testng.dependongroups" time="0.006" errors="0" timestamp="2023-08-12T12:26:19 PDT" skipped="0">
  <testcase classname="Testng.dependongroups" name="Test4" time="0.001"/>
  <system-out/>
  <testcase classname="Testng.dependongroups" name="Test6" time="0.000"/>
  <system-out/>
  <testcase classname="Testng.dependongroups" name="Test5" time="0.001"/>
  <system-out/>
  <testcase classname="Testng.dependongroups" name="Test3" time="0.001"/>
  <system-out/>
  <testcase classname="Testng.dependongroups" name="Test2" time="0.001"/>
  <system-out/>
  <testcase classname="Testng.dependongroups" name="Test1" time="0.000"/>
  <system-out/>
  <testcase classname="Testng.dependongroups" name="Test8" time="0.001"/>
  <system-out/>
  <testcase classname="Testng.dependongroups" name="Test0" time="0.001"/>
  <system-out/>
  <testcase classname="Testng.dependongroups" name="Test7" time="0.000"/>
  <system-out/>
</testsuite> <!-- Testng.dependongroups -->
