<?xml version="1.0" encoding="UTF-8"?>
<!-- Generated by org.testng.reporters.JUnitReportReporter -->
<testsuite hostname="MSI" failures="0" tests="5" name="Testng.dependencyTestNg" time="0.007" errors="0" timestamp="2023-08-12T06:52:15 PDT" skipped="0">
  <testcase classname="Testng.dependencyTestNg" name="product" time="0.000"/>
  <system-out/>
  <testcase classname="Testng.dependencyTestNg" name="addtocart" time="0.001"/>
  <system-out/>
  <testcase classname="Testng.dependencyTestNg" name="buy" time="0.000"/>
  <system-out/>
  <testcase classname="Testng.dependencyTestNg" name="login" time="0.005"/>
  <system-out/>
  <testcase classname="Testng.dependencyTestNg" name="search" time="0.001"/>
  <system-out/>
</testsuite> <!-- Testng.dependencyTestNg -->
