<?xml version="1.0" encoding="UTF-8"?>
<!-- Generated by org.testng.reporters.JUnitReportReporter -->
<testsuite hostname="MSI" failures="0" tests="8" name="DependencyTestNg.Dependongroups" time="0.010" errors="0" timestamp="2023-10-04T12:21:01 PDT" skipped="0">
  <testcase classname="DependencyTestNg.Dependongroups" name="Test1" time="0.000"/>
  <system-out/>
  <testcase classname="DependencyTestNg.Dependongroups" name="Test7" time="0.005"/>
  <system-out/>
  <testcase classname="DependencyTestNg.Dependongroups" name="Test4" time="0.001"/>
  <system-out/>
  <testcase classname="DependencyTestNg.Dependongroups" name="Test5" time="0.000"/>
  <system-out/>
  <testcase classname="DependencyTestNg.Dependongroups" name="Test2" time="0.001"/>
  <system-out/>
  <testcase classname="DependencyTestNg.Dependongroups" name="Test6" time="0.001"/>
  <system-out/>
  <testcase classname="DependencyTestNg.Dependongroups" name="Test8" time="0.001"/>
  <system-out/>
  <testcase classname="DependencyTestNg.Dependongroups" name="Test3" time="0.001"/>
  <system-out/>
</testsuite> <!-- DependencyTestNg.Dependongroups -->
