<?xml version="1.0" encoding="UTF-8"?>
<!-- Generated by org.testng.reporters.JUnitReportReporter -->
<testsuite hostname="MSI" failures="0" tests="4" name="GroupingTestNg.Test3" time="0.003" errors="0" timestamp="2023-08-12T13:22:27 PDT" skipped="0">
  <testcase classname="GroupingTestNg.Test3" name="test9" time="0.001"/>
  <system-out/>
  <testcase classname="GroupingTestNg.Test3" name="test10" time="0.000"/>
  <system-out/>
  <testcase classname="GroupingTestNg.Test3" name="test11" time="0.001"/>
  <system-out/>
  <testcase classname="GroupingTestNg.Test3" name="test12" time="0.001"/>
  <system-out/>
</testsuite> <!-- GroupingTestNg.Test3 -->
