<?xml version="1.0" encoding="UTF-8"?>
<!-- Generated by org.testng.reporters.JUnitReportReporter -->
<testsuite hostname="MSI" failures="0" tests="2" name="Testng.login" time="12.332" errors="0" timestamp="2023-07-23T09:30:44 PDT" skipped="0">
  <testcase classname="Testng.login" name="Target" time="6.364"/>
  <system-out/>
  <testcase classname="Testng.login" name="Google" time="5.968"/>
  <system-out/>
</testsuite> <!-- Testng.login -->
