<?xml version="1.0" encoding="UTF-8"?>
<!-- Generated by org.testng.reporters.JUnitReportReporter -->
<testsuite hostname="MSI" failures="0" tests="2" name="DataproviderTestNg.Dataprovider" time="22.540" errors="0" timestamp="2023-10-01T07:56:45 PDT" skipped="0">
  <testcase classname="DataproviderTestNg.Dataprovider" name="loginTest" time="11.287"/>
  <system-out/>
  <testcase classname="DataproviderTestNg.Dataprovider" name="loginTest" time="11.253"/>
  <system-out/>
</testsuite> <!-- DataproviderTestNg.Dataprovider -->
