<?xml version="1.0" encoding="UTF-8"?>
<!-- Generated by org.testng.reporters.JUnitReportReporter -->
<testsuite hostname="MSI" failures="0" tests="1" name="TestNgSelenium.TestNgsample" time="12.640" errors="0" timestamp="2023-07-21T15:07:18 PDT" skipped="0">
  <testcase classname="TestNgSelenium.TestNgsample" name="signin" time="12.640"/>
  <system-out/>
</testsuite> <!-- TestNgSelenium.TestNgsample -->
