<?xml version="1.0" encoding="UTF-8"?>
<!-- Generated by org.testng.reporters.JUnitReportReporter -->
<testsuite hostname="MSI" failures="0" tests="4" name="Invocationcount.Invocationcount" time="16.998" errors="0" timestamp="2023-10-15T15:49:36 PDT" skipped="0">
  <testcase classname="Invocationcount.Invocationcount" name="Testmethod" time="4.994"/>
  <system-out/>
  <testcase classname="Invocationcount.Invocationcount" name="Testmethod" time="4.993"/>
  <system-out/>
  <testcase classname="Invocationcount.Invocationcount" name="Testmethod" time="3.505"/>
  <system-out/>
  <testcase classname="Invocationcount.Invocationcount" name="Testmethod" time="3.506"/>
  <system-out/>
</testsuite> <!-- Invocationcount.Invocationcount -->
