<?xml version="1.0" encoding="UTF-8"?>
<!-- Generated by org.testng.reporters.JUnitReportReporter -->
<testsuite hostname="MSI" failures="0" tests="5" name="PrioritizationTestNg.TestngPriority" time="0.012" errors="0" timestamp="2023-10-04T11:55:48 PDT" skipped="0">
  <testcase classname="PrioritizationTestNg.TestngPriority" name="signup" time="0.008"/>
  <system-out/>
  <testcase classname="PrioritizationTestNg.TestngPriority" name="login" time="0.001"/>
  <system-out/>
  <testcase classname="PrioritizationTestNg.TestngPriority" name="searchfortheticket" time="0.001"/>
  <system-out/>
  <testcase classname="PrioritizationTestNg.TestngPriority" name="BooktheTicket" time="0.001"/>
  <system-out/>
  <testcase classname="PrioritizationTestNg.TestngPriority" name="savetheTicket" time="0.001"/>
  <system-out/>
</testsuite> <!-- PrioritizationTestNg.TestngPriority -->
