<?xml version="1.0" encoding="UTF-8"?>
<!-- Generated by org.testng.reporters.JUnitReportReporter -->
<testsuite hostname="MSI" failures="0" tests="1" name="ParamaterizationTestNg.Target" time="6.523" errors="0" timestamp="2023-10-06T16:34:56 PDT" skipped="0">
  <testcase classname="ParamaterizationTestNg.Target" name="signin" time="6.523"/>
  <system-out/>
</testsuite> <!-- ParamaterizationTestNg.Target -->
