<?xml version="1.0" encoding="UTF-8"?>
<!-- Generated by org.testng.reporters.JUnitReportReporter -->
<testsuite hostname="MSI" failures="0" tests="3" name="ParalleltestingTestNg.tofindThreadid" time="0.008" errors="0" timestamp="2023-10-06T10:55:02 PDT" skipped="0">
  <testcase classname="ParalleltestingTestNg.tofindThreadid" name="Test1" time="0.006"/>
  <system-out/>
  <testcase classname="ParalleltestingTestNg.tofindThreadid" name="Test2" time="0.001"/>
  <system-out/>
  <testcase classname="ParalleltestingTestNg.tofindThreadid" name="Test3" time="0.001"/>
  <system-out/>
</testsuite> <!-- ParalleltestingTestNg.tofindThreadid -->
