<?xml version="1.0" encoding="UTF-8"?>
<!-- Generated by org.testng.reporters.JUnitReportReporter -->
<testsuite hostname="MSI" failures="0" tests="5" name="Testng.TestngPriority" time="0.010" errors="0" timestamp="2023-07-24T09:52:20 PDT" skipped="0">
  <testcase classname="Testng.TestngPriority" name="signup" time="0.008"/>
  <system-out/>
  <testcase classname="Testng.TestngPriority" name="login" time="0.000"/>
  <system-out/>
  <testcase classname="Testng.TestngPriority" name="searchfortheticket" time="0.000"/>
  <system-out/>
  <testcase classname="Testng.TestngPriority" name="BooktheTicket" time="0.001"/>
  <system-out/>
  <testcase classname="Testng.TestngPriority" name="savetheTicket" time="0.001"/>
  <system-out/>
</testsuite> <!-- Testng.TestngPriority -->
