<?xml version="1.0" encoding="UTF-8"?>
<!-- Generated by org.testng.reporters.JUnitReportReporter -->
<testsuite hostname="MSI" failures="0" tests="2" name="ParalleltestingTestNg.ParallelTestNg" time="9.236" errors="0" timestamp="2023-10-06T09:42:29 PDT" skipped="0">
  <testcase classname="ParalleltestingTestNg.ParallelTestNg" name="Google" time="3.249"/>
  <system-out/>
  <testcase classname="ParalleltestingTestNg.ParallelTestNg" name="Target" time="5.987"/>
  <system-out/>
</testsuite> <!-- ParalleltestingTestNg.ParallelTestNg -->
